#
# There is insufficient memory for the Java Runtime Environment to continue.
# Native memory allocation (mmap) failed to map 132120576 bytes for G1 virtual space
# Possible reasons:
#   The system is out of physical RAM or swap space
#   The process is running with CompressedOops enabled, and the Java Heap may be blocking the growth of the native heap
# Possible solutions:
#   Reduce memory load on the system
#   Increase physical memory or swap space
#   Check if swap backing store is full
#   Decrease Java heap size (-Xmx/-Xms)
#   Decrease number of Java threads
#   Decrease Java thread stack sizes (-Xss)
#   Set larger code cache with -XX:ReservedCodeCacheSize=
#   JVM is running with Unscaled Compressed Oops mode in which the Java heap is
#     placed in the first 4GB address space. The Java Heap base address is the
#     maximum limit for the native heap growth. Please use -XX:HeapBaseMinAddress
#     to set the Java Heap base and to place the Java Heap above 4GB virtual address.
# This output file may be truncated or incomplete.
#
#  Out of Memory Error (os_windows.cpp:3528), pid=18548, tid=8472
#
# JRE version:  (20.0+36) (build )
# Java VM: Java HotSpot(TM) 64-Bit Server VM (20+36-2344, mixed mode, sharing, tiered, compressed oops, compressed class ptrs, g1 gc, windows-amd64)
# No core dump will be written. Minidumps are not enabled by default on client versions of Windows
#

---------------  S U M M A R Y ------------

Command Line: -Dfile.encoding=UTF-8 -XX:+ShowCodeDetailsInExceptionMessages najah.edu.acceptance.Main

Host: Intel(R) Core(TM) i5-10210U CPU @ 1.60GHz, 8 cores, 7G,  Windows 11 , 64 bit Build 22621 (10.0.22621.1928)
Time: Sat Jul 29 22:04:56 2023 Egypt Daylight Time elapsed time: 0.012111 seconds (0d 0h 0m 0s)

---------------  T H R E A D  ---------------

Current thread (0x0000021a8b17e0d0):  JavaThread "Unknown thread" [_thread_in_vm, id=8472, stack(0x0000009bc0300000,0x0000009bc0400000)]

Stack: [0x0000009bc0300000,0x0000009bc0400000]
Native frames: (J=compiled Java code, j=interpreted, Vv=VM code, C=native code)
V  [jvm.dll+0x6bb95a]
V  [jvm.dll+0x8483aa]
V  [jvm.dll+0x849fa5]
V  [jvm.dll+0x84a6a3]
V  [jvm.dll+0x280b0f]
V  [jvm.dll+0x6b86e9]
V  [jvm.dll+0x6ad2da]
V  [jvm.dll+0x35adf5]
V  [jvm.dll+0x363016]
V  [jvm.dll+0x3b3b3e]
V  [jvm.dll+0x3b3dc5]
V  [jvm.dll+0x32b50a]
V  [jvm.dll+0x32c32b]
V  [jvm.dll+0x81106f]
V  [jvm.dll+0x3c0d91]
V  [jvm.dll+0x7fcd93]
V  [jvm.dll+0x44c76f]
V  [jvm.dll+0x44e0e1]
C  [jli.dll+0x5287]
C  [ucrtbase.dll+0x29363]
C  [KERNEL32.DLL+0x126ad]
C  [ntdll.dll+0x5aa68]


---------------  P R O C E S S  ---------------

Threads class SMR info:
_java_thread_list=0x00007fff55eda098, length=0, elements={
}

Java Threads: ( => current thread )

Other Threads:
  0x0000021a8b1dd6f0 WorkerThread "GC Thread#0" [stack: 0x0000009bc0400000,0x0000009bc0500000] [id=16552]
  0x0000021a8b1efb80 ConcurrentGCThread "G1 Main Marker" [stack: 0x0000009bc0500000,0x0000009bc0600000] [id=31868]
  0x0000021a8b1f05b0 WorkerThread "G1 Conc#0" [stack: 0x0000009bc0600000,0x0000009bc0700000] [id=10912]

[error occurred during error reporting (printing all threads), id 0xc0000005, EXCEPTION_ACCESS_VIOLATION (0xc0000005) at pc=0x00007fff556beb47]
VM state: not at safepoint (not fully initialized)

VM Mutex/Monitor currently owned by a thread:  ([mutex/lock_event])
[0x0000021a8b17ce90] Heap_lock - owner thread: 0x0000021a8b17e0d0

Heap address: 0x0000000083000000, size: 2000 MB, Compressed Oops mode: 32-bit

CDS archive(s) mapped at: [0x0000000000000000-0x0000000000000000-0x0000000000000000), size 0, SharedBaseAddress: 0x0000000800000000, ArchiveRelocationMode: 0.
Narrow klass base: 0x0000000000000000, Narrow klass shift: 0, Narrow klass range: 0x0

GC Precious Log:
 CardTable entry size: 512
 Card Set container configuration: InlinePtr #cards 5 size 8 Array Of Cards #cards 12 size 40 Howl #buckets 4 coarsen threshold 1843 Howl Bitmap #cards 512 size 80 coarsen threshold 460 Card regions per heap region 1 cards per card region 2048

Heap:
 garbage-first heap   total 0K, used 0K [0x0000000083000000, 0x0000000100000000)
  region size 1024K, 0 young (0K), 0 survivors (0K)

[error occurred during error reporting (printing heap information), id 0xc0000005, EXCEPTION_ACCESS_VIOLATION (0xc0000005) at pc=0x00007fff55a93c59]
GC Heap History (0 events):
No events

Dll operation events (1 events):
Event: 0.006 Loaded shared library C:\Program Files\Java\jdk-20\bin\java.dll

Deoptimization events (0 events):
No events

Classes loaded (0 events):
No events

Classes unloaded (0 events):
No events

Classes redefined (0 events):
No events

Internal exceptions (0 events):
No events

VM Operations (0 events):
No events

Events (0 events):
No events


Dynamic libraries:
0x00007ff6d1d80000 - 0x00007ff6d1d90000 	C:\Program Files\Java\jdk-20\bin\javaw.exe
0x00007fffd40d0000 - 0x00007fffd42e4000 	C:\Windows\SYSTEM32\ntdll.dll
0x00007fffad720000 - 0x00007fffad739000 	C:\Program Files\Avast Software\Avast\aswhook.dll
0x00007fffd2630000 - 0x00007fffd26f2000 	C:\Windows\System32\KERNEL32.DLL
0x00007fffd14d0000 - 0x00007fffd1873000 	C:\Windows\System32\KERNELBASE.dll
0x00007fffd1b80000 - 0x00007fffd1c91000 	C:\Windows\System32\ucrtbase.dll
0x00007fffcc610000 - 0x00007fffcc62b000 	C:\Program Files\Java\jdk-20\bin\VCRUNTIME140.dll
0x00007fffcc6c0000 - 0x00007fffcc6d9000 	C:\Program Files\Java\jdk-20\bin\jli.dll
0x00007fffd1eb0000 - 0x00007fffd1f5e000 	C:\Windows\System32\ADVAPI32.dll
0x00007fffd2710000 - 0x00007fffd27b7000 	C:\Windows\System32\msvcrt.dll
0x00007fffd1f60000 - 0x00007fffd2004000 	C:\Windows\System32\sechost.dll
0x00007fffd29c0000 - 0x00007fffd2ad7000 	C:\Windows\System32\RPCRT4.dll
0x00007fffd23d0000 - 0x00007fffd257a000 	C:\Windows\System32\USER32.dll
0x00007fffb7b10000 - 0x00007fffb7d9e000 	C:\Windows\WinSxS\amd64_microsoft.windows.common-controls_6595b64144ccf1df_6.0.22621.1635_none_270f70857386168e\COMCTL32.dll
0x00007fffd1ca0000 - 0x00007fffd1cc6000 	C:\Windows\System32\win32u.dll
0x00007fffd2010000 - 0x00007fffd2039000 	C:\Windows\System32\GDI32.dll
0x00007fffd1cd0000 - 0x00007fffd1de9000 	C:\Windows\System32\gdi32full.dll
0x00007fffd19f0000 - 0x00007fffd1a8a000 	C:\Windows\System32\msvcp_win.dll
0x00007fffca830000 - 0x00007fffca83a000 	C:\Windows\SYSTEM32\VERSION.dll
0x00007fffd28f0000 - 0x00007fffd2921000 	C:\Windows\System32\IMM32.DLL
0x00007fffcdcc0000 - 0x00007fffcdccc000 	C:\Program Files\Java\jdk-20\bin\vcruntime140_1.dll
0x00007fffbc000000 - 0x00007fffbc08e000 	C:\Program Files\Java\jdk-20\bin\msvcp140.dll
0x00007fff55380000 - 0x00007fff56017000 	C:\Program Files\Java\jdk-20\bin\server\jvm.dll
0x00007fffb23a0000 - 0x00007fffb23a9000 	C:\Windows\SYSTEM32\WSOCK32.dll
0x00007fffca840000 - 0x00007fffca874000 	C:\Windows\SYSTEM32\WINMM.dll
0x00007fffd2250000 - 0x00007fffd22c1000 	C:\Windows\System32\WS2_32.dll
0x00007fffd04d0000 - 0x00007fffd04e8000 	C:\Windows\SYSTEM32\kernel.appcore.dll
0x00007fffcc6b0000 - 0x00007fffcc6ba000 	C:\Program Files\Java\jdk-20\bin\jimage.dll
0x00007fffcee00000 - 0x00007fffcf02e000 	C:\Windows\SYSTEM32\DBGHELP.DLL
0x00007fffd32e0000 - 0x00007fffd3669000 	C:\Windows\System32\combase.dll
0x00007fffd2170000 - 0x00007fffd2247000 	C:\Windows\System32\OLEAUT32.dll
0x00007fffbda10000 - 0x00007fffbda42000 	C:\Windows\SYSTEM32\dbgcore.DLL
0x00007fffd1b00000 - 0x00007fffd1b7a000 	C:\Windows\System32\bcryptPrimitives.dll
0x00007fffbca40000 - 0x00007fffbca66000 	C:\Program Files\Java\jdk-20\bin\java.dll

dbghelp: loaded successfully - version: 4.0.5 - missing functions: none
symbol engine: initialized successfully - sym options: 0x614 - pdb path: .;C:\Program Files\Java\jdk-20\bin;C:\Windows\SYSTEM32;C:\Program Files\Avast Software\Avast;C:\Windows\WinSxS\amd64_microsoft.windows.common-controls_6595b64144ccf1df_6.0.22621.1635_none_270f70857386168e;C:\Program Files\Java\jdk-20\bin\server

VM Arguments:
jvm_args: -Dfile.encoding=UTF-8 -XX:+ShowCodeDetailsInExceptionMessages 
java_command: najah.edu.acceptance.Main
java_class_path (initial): C:\Users\Masa\eclipse-workspace\Sakanaat\target\classes;C:\Users\Masa\.m2\repository\org\apiguardian\apiguardian-api\1.1.2\apiguardian-api-1.1.2.jar;C:\Users\Masa\.m2\repository\io\cucumber\cucumber-java\7.3.4\cucumber-java-7.3.4.jar;C:\Users\Masa\.m2\repository\io\cucumber\cucumber-core\7.3.4\cucumber-core-7.3.4.jar;C:\Users\Masa\.m2\repository\io\cucumber\cucumber-gherkin\7.3.4\cucumber-gherkin-7.3.4.jar;C:\Users\Masa\.m2\repository\io\cucumber\cucumber-gherkin-messages\7.3.4\cucumber-gherkin-messages-7.3.4.jar;C:\Users\Masa\.m2\repository\io\cucumber\gherkin\23.0.1\gherkin-23.0.1.jar;C:\Users\Masa\.m2\repository\io\cucumber\messages\18.0.0\messages-18.0.0.jar;C:\Users\Masa\.m2\repository\io\cucumber\tag-expressions\4.1.0\tag-expressions-4.1.0.jar;C:\Users\Masa\.m2\repository\io\cucumber\cucumber-expressions\15.1.1\cucumber-expressions-15.1.1.jar;C:\Users\Masa\.m2\repository\io\cucumber\datatable\7.3.4\datatable-7.3.4.jar;C:\Users\Masa\.m2\repository\io\cucumber\cucumber-plugin\7.3.4\cucumber-plugin-7.3.4.jar;C:\Users\Masa\.m2\repository\io\cucumber\docstring\7.3.4\docstring-7.3.4.jar;C:\Users\Masa\.m2\repository\io\cucumber\html-formatter\19.1.0\html-formatter-19.1.0.jar;C:\Users\Masa\.m2\repository\io\cucumber\ci-environment\9.0.4\ci-environment-9.0.4.jar;C:\Users\Masa\.m2\repository\mysql\mysql-connector-java\8.0.26\mysql-connector-java-8.0.26.jar;C:\Users\Masa\.m2\repository\com\google\protobuf\protobuf-java\3.11.4\protobuf-java-3.11.4.jar;C:\Users\Masa\.m2\repository\org\mockito\mockito-core\5.4.0\mockito-core-5.4.0.jar;C:\Users\Masa\.m2\repository\net\bytebuddy\byte-buddy\1.14.5\byte-buddy-1.14.5.jar;C:\Users\Masa\.m2\repository\net\bytebuddy\byte-buddy-agent\1.14.5\byte-buddy-agent-1.14.5.jar;C:\Users\Masa\.m2\repository\org\objenesis\objenesis\3.3\objenesis-3.3.jar;C:\Users\Masa\.m2\repository\org\apache\logging\log4j\log4j-core\2.14.1\log4j-core-2.14.1.jar;C:\Users\Masa\.m2\repository\org\apache\logging\log4j\log4j-api\2.14.1\log4j-api-2.14.1.jar
Launcher Type: SUN_STANDARD

[Global flags]
     intx CICompilerCount                          = 4                                         {product} {ergonomic}
     uint ConcGCThreads                            = 2                                         {product} {ergonomic}
     uint G1ConcRefinementThreads                  = 8                                         {product} {ergonomic}
   size_t G1HeapRegionSize                         = 1048576                                   {product} {ergonomic}
    uintx GCDrainStackTargetSize                   = 64                                        {product} {ergonomic}
   size_t InitialHeapSize                          = 132120576                                 {product} {ergonomic}
   size_t MarkStackSize                            = 4194304                                   {product} {ergonomic}
   size_t MaxHeapSize                              = 2097152000                                {product} {ergonomic}
   size_t MinHeapDeltaBytes                        = 1048576                                   {product} {ergonomic}
   size_t MinHeapSize                              = 8388608                                   {product} {ergonomic}
    uintx NonNMethodCodeHeapSize                   = 5839372                                {pd product} {ergonomic}
    uintx NonProfiledCodeHeapSize                  = 122909434                              {pd product} {ergonomic}
    uintx ProfiledCodeHeapSize                     = 122909434                              {pd product} {ergonomic}
    uintx ReservedCodeCacheSize                    = 251658240                              {pd product} {ergonomic}
     bool SegmentedCodeCache                       = true                                      {product} {ergonomic}
     bool ShowCodeDetailsInExceptionMessages       = true                                   {manageable} {command line}
   size_t SoftMaxHeapSize                          = 2097152000                             {manageable} {ergonomic}
     bool UseCompressedClassPointers               = true                           {product lp64_product} {ergonomic}
     bool UseCompressedOops                        = true                           {product lp64_product} {ergonomic}
     bool UseG1GC                                  = true                                      {product} {ergonomic}
     bool UseLargePagesIndividualAllocation        = false                                  {pd product} {ergonomic}

Logging:
Log output configuration:
 #0: stdout all=warning uptime,level,tags foldmultilines=false
 #1: stderr all=off uptime,level,tags foldmultilines=false

Environment Variables:
PATH=C:\Program Files\Common Files\Oracle\Java\javapath;C:\Windows\system32;C:\Windows;C:\Windows\System32\Wbem;C:\Windows\System32\WindowsPowerShell\v1.0\;C:\Windows\System32\OpenSSH\;C:\Program Files\nodejs\;C:\Program Files\Git\cmd;C:\Users\Masa\AppData\Local\Microsoft\WindowsApps;;C:\Users\Masa\AppData\Local\Programs\Microsoft VS Code\bin;C:\Program Files\JetBrains\PyCharm Community Edition 2022.3.3\bin;;C:\Program Files\JetBrains\PhpStorm 2022.3.3\bin;;C:\Users\Masa\AppData\Roaming\npm
USERNAME=Masa
OS=Windows_NT
PROCESSOR_IDENTIFIER=Intel64 Family 6 Model 142 Stepping 12, GenuineIntel
TMP=C:\Users\Masa\AppData\Local\Temp
TEMP=C:\Users\Masa\AppData\Local\Temp




---------------  S Y S T E M  ---------------

OS:
 Windows 11 , 64 bit Build 22621 (10.0.22621.1928)
OS uptime: 11 days 23:17 hours
Hyper-V role detected

CPU: total 8 (initial active 8) (4 cores per cpu, 2 threads per core) family 6 model 142 stepping 12 microcode 0xea, cx8, cmov, fxsr, ht, mmx, 3dnowpref, sse, sse2, sse3, ssse3, sse4.1, sse4.2, popcnt, lzcnt, tsc, tscinvbit, avx, avx2, aes, erms, clmul, bmi1, bmi2, adx, fma, vzeroupper, clflush, clflushopt, hv, rdtscp, f16c

Memory: 4k page, system-wide physical 7995M (825M free)
TotalPageFile size 23443M (AvailPageFile size 39M)
current process WorkingSet (physical memory assigned to process): 11M, peak: 11M
current process commit charge ("private bytes"): 60M, peak: 186M

vm_info: Java HotSpot(TM) 64-Bit Server VM (20+36-2344) for windows-amd64 JRE (20+36-2344), built on 2023-02-10T19:30:15Z by "mach5one" with MS VC++ 17.1 (VS2022)

END.
